{"level":"info","time":"2025-07-14T08:04:07.521861734-03:00","message":"Admin user already exists with ID: 7OWiXsvnVYuDAJ2w32cS"}
{"level":"info","time":"2025-07-14T08:04:07.522447712-03:00","message":"Job ID for automatic debit checking: 413d2933-a684-4250-b055-bf8aa8943d6f"}
{"level":"warn","time":"2025-07-14T08:04:11.421291419-03:00","message":"authorization header is missing"}
{"level":"warn","time":"2025-07-14T08:04:11.449201663-03:00","message":"authorization header is missing"}
{"level":"warn","time":"2025-07-14T08:04:11.449331868-03:00","message":"authorization header is missing"}
{"level":"warn","time":"2025-07-14T08:04:11.45033279-03:00","message":"authorization header is missing"}
{"level":"warn","time":"2025-07-14T08:04:11.983816505-03:00","message":"authorization header is missing"}
{"level":"warn","time":"2025-07-14T08:04:12.159374365-03:00","message":"authorization header is missing"}
{"level":"warn","time":"2025-07-14T08:04:30.75747686-03:00","message":"authorization header is missing"}
{"level":"warn","time":"2025-07-14T08:04:30.775371557-03:00","message":"authorization header is missing"}
{"level":"warn","time":"2025-07-14T08:04:30.775785476-03:00","message":"authorization header is missing"}
{"level":"warn","time":"2025-07-14T08:04:30.776534285-03:00","message":"authorization header is missing"}
{"level":"warn","time":"2025-07-14T08:04:30.896205985-03:00","message":"authorization header is missing"}
{"level":"warn","time":"2025-07-14T08:04:30.905426182-03:00","message":"authorization header is missing"}
{"level":"warn","time":"2025-07-14T08:04:47.91097727-03:00","message":"authorization header is missing"}
{"level":"warn","time":"2025-07-14T08:04:47.929569142-03:00","message":"authorization header is missing"}
{"level":"warn","time":"2025-07-14T08:04:47.93209267-03:00","message":"authorization header is missing"}
{"level":"warn","time":"2025-07-14T08:04:47.932086827-03:00","message":"authorization header is missing"}
{"level":"warn","time":"2025-07-14T08:04:48.079674885-03:00","message":"authorization header is missing"}
{"level":"info","time":"2025-07-14T08:05:17.883506037-03:00","message":"Admin user already exists with ID: 7OWiXsvnVYuDAJ2w32cS"}
{"level":"info","time":"2025-07-14T08:05:17.884167447-03:00","message":"Job ID for automatic debit checking: 916b52a5-a2ae-4820-9a04-0e83b4d5cd87"}
{"level":"debug","time":"2025-07-14T08:05:21.80862316-03:00","message":"/docs/*"}
{"level":"warn","time":"2025-07-14T08:05:21.80934232-03:00","message":"authorization header is missing"}
{"level":"debug","time":"2025-07-14T08:05:21.829762137-03:00","message":"/docs/*"}
{"level":"warn","time":"2025-07-14T08:05:21.830161359-03:00","message":"authorization header is missing"}
{"level":"debug","time":"2025-07-14T08:05:21.830193078-03:00","message":"/docs/*"}
{"level":"debug","time":"2025-07-14T08:05:21.830359247-03:00","message":"/docs/*"}
{"level":"warn","time":"2025-07-14T08:05:21.831018184-03:00","message":"authorization header is missing"}
{"level":"warn","time":"2025-07-14T08:05:21.831140787-03:00","message":"authorization header is missing"}
{"level":"debug","time":"2025-07-14T08:05:21.988592133-03:00","message":"/swagger.yaml"}
{"level":"warn","time":"2025-07-14T08:05:21.988845165-03:00","message":"authorization header is missing"}
{"level":"debug","time":"2025-07-14T08:05:22.00011066-03:00","message":"/docs/*"}
{"level":"warn","time":"2025-07-14T08:05:22.000377175-03:00","message":"authorization header is missing"}
{"level":"info","time":"2025-07-14T08:06:00.025591826-03:00","message":"Checking for auto debits..."}
{"level":"info","time":"2025-07-14T08:08:00.100072058-03:00","message":"Checking for auto debits..."}
{"level":"info","time":"2025-07-14T08:17:04.505386868-03:00","message":"Admin user already exists with ID: 7OWiXsvnVYuDAJ2w32cS"}
{"level":"info","time":"2025-07-14T08:17:04.506221715-03:00","message":"Job ID for automatic debit checking: dda8c1f4-1b3d-4e86-8ee7-37845b2a0797"}
{"level":"info","time":"2025-07-14T08:17:29.894743737-03:00","message":"Admin user already exists with ID: 7OWiXsvnVYuDAJ2w32cS"}
{"level":"info","time":"2025-07-14T08:17:29.89551031-03:00","message":"Job ID for automatic debit checking: 7aef26a4-9210-4512-bfb5-845a01e6d6f8"}
{"level":"info","time":"2025-07-14T08:17:59.48025847-03:00","message":"Admin user already exists with ID: 7OWiXsvnVYuDAJ2w32cS"}
{"level":"info","time":"2025-07-14T08:17:59.48145212-03:00","message":"Job ID for automatic debit checking: 4e6b8059-7b6f-4427-b5c6-5e9d431d7976"}
{"level":"info","time":"2025-07-14T08:18:00.000329144-03:00","message":"Checking for auto debits..."}
{"level":"info","time":"2025-07-14T08:19:11.02350776-03:00","message":"Admin user already exists with ID: 7OWiXsvnVYuDAJ2w32cS"}
{"level":"info","time":"2025-07-14T08:19:11.024272582-03:00","message":"Job ID for automatic debit checking: 5c8006d6-3a53-41f9-86de-632ed8bbe880"}
{"level":"info","time":"2025-07-14T08:19:22.58568561-03:00","message":"Admin user already exists with ID: 7OWiXsvnVYuDAJ2w32cS"}
{"level":"info","time":"2025-07-14T08:19:22.586492226-03:00","message":"Job ID for automatic debit checking: 0753b9ac-f66c-4542-917b-be0975c09238"}
{"level":"info","time":"2025-07-14T08:20:00.005192994-03:00","message":"Checking for auto debits..."}
{"level":"error","time":"2025-07-14T08:20:02.525534768-03:00","message":"Nil account from snapshot"}
{"level":"info","time":"2025-07-14T08:22:00.098965638-03:00","message":"Checking for auto debits..."}
{"level":"info","time":"2025-07-14T08:24:00.04242902-03:00","message":"Checking for auto debits..."}
{"level":"info","time":"2025-07-14T08:25:20.574847693-03:00","message":"Admin user already exists with ID: 7OWiXsvnVYuDAJ2w32cS"}
{"level":"info","time":"2025-07-14T08:25:20.575411862-03:00","message":"Job ID for automatic debit checking: c86123eb-008d-4f5a-94af-a5eb2274a248"}
{"level":"error","time":"2025-07-14T08:25:22.525088393-03:00","message":"Nil account from snapshot"}
{"level":"error","time":"2025-07-14T08:25:25.876963361-03:00","message":"Nil account from snapshot"}
{"level":"info","time":"2025-07-14T08:25:46.960794589-03:00","message":"Admin user already exists with ID: 7OWiXsvnVYuDAJ2w32cS"}
{"level":"info","time":"2025-07-14T08:25:46.961434869-03:00","message":"Job ID for automatic debit checking: 1860d9e1-6230-45be-af47-aca07aa11313"}
{"level":"error","time":"2025-07-14T08:25:49.35350021-03:00","message":"Nil account from snapshot:"}
{"level":"info","time":"2025-07-14T08:26:00.010022371-03:00","message":"Checking for auto debits..."}
{"level":"info","time":"2025-07-14T08:28:39.437904525-03:00","message":"Admin user already exists with ID: 7OWiXsvnVYuDAJ2w32cS"}
{"level":"info","time":"2025-07-14T08:28:39.438420654-03:00","message":"Job ID for automatic debit checking: 113f95db-4769-4823-bfc1-641f7c4b33aa"}
{"level":"error","time":"2025-07-14T08:28:42.764160456-03:00","message":"Nil account from snapshot"}
{"level":"info","time":"2025-07-14T08:29:37.675888704-03:00","message":"Admin user already exists with ID: 7OWiXsvnVYuDAJ2w32cS"}
{"level":"info","time":"2025-07-14T08:29:37.676382981-03:00","message":"Job ID for automatic debit checking: ab9747a1-9d29-40a8-a081-dca054aa9623"}
{"level":"debug","time":"2025-07-14T08:29:41.967794915-03:00","message":" "}
{"level":"error","time":"2025-07-14T08:29:41.969903115-03:00","message":"Nil account from snapshot"}
{"level":"info","time":"2025-07-14T08:30:00.018101368-03:00","message":"Checking for auto debits..."}
{"level":"info","time":"2025-07-14T08:32:00.022008407-03:00","message":"Checking for auto debits..."}
{"level":"info","time":"2025-07-14T08:34:00.099065169-03:00","message":"Checking for auto debits..."}
{"level":"info","time":"2025-07-14T08:35:15.551202749-03:00","message":"Admin user already exists with ID: 7OWiXsvnVYuDAJ2w32cS"}
{"level":"info","time":"2025-07-14T08:35:15.551913162-03:00","message":"Job ID for automatic debit checking: cd6f4cac-9c4b-4f57-b809-9300f13aba5a"}
{"level":"debug","time":"2025-07-14T08:35:24.435081937-03:00","message":" "}
{"level":"error","time":"2025-07-14T08:35:24.43793347-03:00","message":"Nil account from snapshot"}
{"level":"info","time":"2025-07-14T08:36:00.035290227-03:00","message":"Checking for auto debits..."}
{"level":"info","time":"2025-07-14T08:36:16.889200257-03:00","message":"Admin user already exists with ID: 7OWiXsvnVYuDAJ2w32cS"}
{"level":"info","time":"2025-07-14T08:36:16.890067932-03:00","message":"Job ID for automatic debit checking: 5bc338f2-1d59-468a-b116-1e997a22a4b9"}
{"level":"debug","time":"2025-07-14T08:36:19.355610335-03:00","message":"JLchha6UjojhLPA3rzTS "}
{"level":"error","time":"2025-07-14T08:36:19.357662505-03:00","message":"Nil account from snapshot"}
{"level":"info","time":"2025-07-14T08:37:50.927098247-03:00","message":"Admin user already exists with ID: 7OWiXsvnVYuDAJ2w32cS"}
{"level":"info","time":"2025-07-14T08:37:50.927831457-03:00","message":"Job ID for automatic debit checking: 62918fd6-35fc-4028-80a6-0ee1f1a86e13"}
{"level":"info","time":"2025-07-14T08:37:53.284593962-03:00","message":"Authenticated entrance: JLchha6UjojhLPA3rzTS"}
{"level":"info","time":"2025-07-14T08:38:00.00585644-03:00","message":"Checking for auto debits..."}
{"level":"info","time":"2025-07-14T08:38:35.138379441-03:00","message":"Authorized entrance: JLchha6UjojhLPA3rzTS"}
{"level":"info","time":"2025-07-14T08:38:35.1384372-03:00","message":"retrieved user from cache"}
{"level":"info","time":"2025-07-14T08:38:35.140242698-03:00","message":"Client returned: CayGudjVPsCPsadrrXBP"}
{"level":"info","time":"2025-07-14T08:39:02.160523786-03:00","message":"Authorized entrance: JLchha6UjojhLPA3rzTS"}
{"level":"info","time":"2025-07-14T08:39:02.16058669-03:00","message":"retrieved user from cache"}
{"level":"info","time":"2025-07-14T08:39:02.160605009-03:00","message":"retrieved user from cache"}
